<?xml version="1.0" encoding="UTF-8"?>
<testsuite xmlns:xsi="http://www.w3.org/2001/XMLSchema-instance" xsi:noNamespaceSchemaLocation="https://maven.apache.org/surefire/maven-surefire-plugin/xsd/surefire-test-report-3.0.xsd" version="3.0" name="ModeloDatosTest" time="0.085" tests="2" errors="0" skipped="0" failures="1">
  <properties>
    <property name="java.specification.version" value="21"/>
    <property name="sun.jnu.encoding" value="UTF-8"/>
    <property name="java.class.path" value="/home/yordano/Proyectos/UAH/Integracion continua/TrabajoFInal/TrabajoFInal/BaloncestoFinal/target/test-classes:/home/yordano/Proyectos/UAH/Integracion continua/TrabajoFInal/TrabajoFInal/BaloncestoFinal/target/classes:/home/yordano/.m2/repository/mysql/mysql-connector-java/8.0.21/mysql-connector-java-8.0.21.jar:/home/yordano/.m2/repository/com/google/protobuf/protobuf-java/3.11.4/protobuf-java-3.11.4.jar:/home/yordano/.m2/repository/javax/javaee-api/8.0/javaee-api-8.0.jar:/home/yordano/.m2/repository/com/sun/mail/javax.mail/1.6.0/javax.mail-1.6.0.jar:/home/yordano/.m2/repository/javax/activation/activation/1.1/activation-1.1.jar:/home/yordano/.m2/repository/org/junit/jupiter/junit-jupiter-api/5.3.1/junit-jupiter-api-5.3.1.jar:/home/yordano/.m2/repository/org/apiguardian/apiguardian-api/1.0.0/apiguardian-api-1.0.0.jar:/home/yordano/.m2/repository/org/opentest4j/opentest4j/1.1.1/opentest4j-1.1.1.jar:/home/yordano/.m2/repository/org/junit/platform/junit-platform-commons/1.3.1/junit-platform-commons-1.3.1.jar:/home/yordano/.m2/repository/org/junit/jupiter/junit-jupiter-params/5.3.1/junit-jupiter-params-5.3.1.jar:/home/yordano/.m2/repository/org/junit/jupiter/junit-jupiter-engine/5.3.1/junit-jupiter-engine-5.3.1.jar:/home/yordano/.m2/repository/org/junit/platform/junit-platform-engine/1.3.1/junit-platform-engine-1.3.1.jar:/home/yordano/.m2/repository/org/seleniumhq/selenium/selenium-java/2.41.0/selenium-java-2.41.0.jar:/home/yordano/.m2/repository/org/seleniumhq/selenium/selenium-chrome-driver/2.41.0/selenium-chrome-driver-2.41.0.jar:/home/yordano/.m2/repository/org/seleniumhq/selenium/selenium-htmlunit-driver/2.41.0/selenium-htmlunit-driver-2.41.0.jar:/home/yordano/.m2/repository/net/sourceforge/htmlunit/htmlunit/2.13/htmlunit-2.13.jar:/home/yordano/.m2/repository/xalan/xalan/2.7.1/xalan-2.7.1.jar:/home/yordano/.m2/repository/xalan/serializer/2.7.1/serializer-2.7.1.jar:/home/yordano/.m2/repository/commons-collections/commons-collections/3.2.1/commons-collections-3.2.1.jar:/home/yordano/.m2/repository/org/apache/commons/commons-lang3/3.1/commons-lang3-3.1.jar:/home/yordano/.m2/repository/org/apache/httpcomponents/httpmime/4.3.1/httpmime-4.3.1.jar:/home/yordano/.m2/repository/net/sourceforge/htmlunit/htmlunit-core-js/2.13/htmlunit-core-js-2.13.jar:/home/yordano/.m2/repository/xerces/xercesImpl/2.11.0/xercesImpl-2.11.0.jar:/home/yordano/.m2/repository/xml-apis/xml-apis/1.4.01/xml-apis-1.4.01.jar:/home/yordano/.m2/repository/net/sourceforge/nekohtml/nekohtml/1.9.19/nekohtml-1.9.19.jar:/home/yordano/.m2/repository/net/sourceforge/cssparser/cssparser/0.9.11/cssparser-0.9.11.jar:/home/yordano/.m2/repository/org/w3c/css/sac/1.3/sac-1.3.jar:/home/yordano/.m2/repository/commons-logging/commons-logging/1.1.3/commons-logging-1.1.3.jar:/home/yordano/.m2/repository/org/eclipse/jetty/jetty-websocket/8.1.12.v20130726/jetty-websocket-8.1.12.v20130726.jar:/home/yordano/.m2/repository/org/eclipse/jetty/jetty-util/8.1.12.v20130726/jetty-util-8.1.12.v20130726.jar:/home/yordano/.m2/repository/org/eclipse/jetty/jetty-io/8.1.12.v20130726/jetty-io-8.1.12.v20130726.jar:/home/yordano/.m2/repository/org/eclipse/jetty/jetty-http/8.1.12.v20130726/jetty-http-8.1.12.v20130726.jar:/home/yordano/.m2/repository/org/apache/httpcomponents/httpclient/4.3.1/httpclient-4.3.1.jar:/home/yordano/.m2/repository/org/apache/httpcomponents/httpcore/4.3/httpcore-4.3.jar:/home/yordano/.m2/repository/org/seleniumhq/selenium/selenium-firefox-driver/2.41.0/selenium-firefox-driver-2.41.0.jar:/home/yordano/.m2/repository/commons-io/commons-io/2.2/commons-io-2.2.jar:/home/yordano/.m2/repository/org/apache/commons/commons-exec/1.1/commons-exec-1.1.jar:/home/yordano/.m2/repository/org/seleniumhq/selenium/selenium-ie-driver/2.41.0/selenium-ie-driver-2.41.0.jar:/home/yordano/.m2/repository/net/java/dev/jna/jna/3.4.0/jna-3.4.0.jar:/home/yordano/.m2/repository/net/java/dev/jna/platform/3.4.0/platform-3.4.0.jar:/home/yordano/.m2/repository/org/seleniumhq/selenium/selenium-safari-driver/2.41.0/selenium-safari-driver-2.41.0.jar:/home/yordano/.m2/repository/org/seleniumhq/selenium/selenium-support/2.41.0/selenium-support-2.41.0.jar:/home/yordano/.m2/repository/org/seleniumhq/selenium/selenium-api/2.41.0/selenium-api-2.41.0.jar:/home/yordano/.m2/repository/org/webbitserver/webbit/0.4.14/webbit-0.4.14.jar:/home/yordano/.m2/repository/io/netty/netty/3.5.2.Final/netty-3.5.2.Final.jar:/home/yordano/.m2/repository/com/github/detro/ghostdriver/phantomjsdriver/1.1.0/phantomjsdriver-1.1.0.jar:/home/yordano/.m2/repository/org/seleniumhq/selenium/selenium-remote-driver/2.39.0/selenium-remote-driver-2.39.0.jar:/home/yordano/.m2/repository/cglib/cglib-nodep/2.1_3/cglib-nodep-2.1_3.jar:/home/yordano/.m2/repository/org/json/json/20080701/json-20080701.jar:/home/yordano/.m2/repository/com/google/guava/guava/15.0/guava-15.0.jar:/home/yordano/.m2/repository/org/seleniumhq/selenium/selenium-server/2.39.0/selenium-server-2.39.0.jar:/home/yordano/.m2/repository/org/bouncycastle/bcprov-jdk15on/1.48/bcprov-jdk15on-1.48.jar:/home/yordano/.m2/repository/org/bouncycastle/bcpkix-jdk15on/1.48/bcpkix-jdk15on-1.48.jar:/home/yordano/.m2/repository/mx4j/mx4j-tools/3.0.1/mx4j-tools-3.0.1.jar:/home/yordano/.m2/repository/org/mortbay/jetty/servlet-api-2.5/6.1.9/servlet-api-2.5-6.1.9.jar:/home/yordano/.m2/repository/org/seleniumhq/selenium/jetty-repacked/7.6.1/jetty-repacked-7.6.1.jar:/home/yordano/.m2/repository/net/jcip/jcip-annotations/1.0/jcip-annotations-1.0.jar:/home/yordano/.m2/repository/org/yaml/snakeyaml/1.8/snakeyaml-1.8.jar:/home/yordano/.m2/repository/commons-codec/commons-codec/1.8/commons-codec-1.8.jar:/home/yordano/.m2/repository/javax/servlet/jstl/1.2/jstl-1.2.jar:"/>
    <property name="java.vm.vendor" value="Oracle Corporation"/>
    <property name="sun.arch.data.model" value="64"/>
    <property name="java.vendor.url" value="https://java.oracle.com/"/>
    <property name="user.timezone" value="Europe/Madrid"/>
    <property name="os.name" value="Linux"/>
    <property name="java.vm.specification.version" value="21"/>
    <property name="sun.java.launcher" value="SUN_STANDARD"/>
    <property name="user.country" value="US"/>
    <property name="sun.boot.library.path" value="/home/yordano/.jdks/openjdk-21.0.1/lib"/>
    <property name="sun.java.command" value="/home/yordano/Proyectos/UAH/Integracion continua/TrabajoFInal/TrabajoFInal/BaloncestoFinal/target/surefire/surefirebooter-20240706232206144_3.jar /home/yordano/Proyectos/UAH/Integracion continua/TrabajoFInal/TrabajoFInal/BaloncestoFinal/target/surefire 2024-07-06T23-22-05_495-jvmRun1 surefire-20240706232206144_1tmp surefire_0-20240706232206144_2tmp"/>
    <property name="jdk.debug" value="release"/>
    <property name="surefire.test.class.path" value="/home/yordano/Proyectos/UAH/Integracion continua/TrabajoFInal/TrabajoFInal/BaloncestoFinal/target/test-classes:/home/yordano/Proyectos/UAH/Integracion continua/TrabajoFInal/TrabajoFInal/BaloncestoFinal/target/classes:/home/yordano/.m2/repository/mysql/mysql-connector-java/8.0.21/mysql-connector-java-8.0.21.jar:/home/yordano/.m2/repository/com/google/protobuf/protobuf-java/3.11.4/protobuf-java-3.11.4.jar:/home/yordano/.m2/repository/javax/javaee-api/8.0/javaee-api-8.0.jar:/home/yordano/.m2/repository/com/sun/mail/javax.mail/1.6.0/javax.mail-1.6.0.jar:/home/yordano/.m2/repository/javax/activation/activation/1.1/activation-1.1.jar:/home/yordano/.m2/repository/org/junit/jupiter/junit-jupiter-api/5.3.1/junit-jupiter-api-5.3.1.jar:/home/yordano/.m2/repository/org/apiguardian/apiguardian-api/1.0.0/apiguardian-api-1.0.0.jar:/home/yordano/.m2/repository/org/opentest4j/opentest4j/1.1.1/opentest4j-1.1.1.jar:/home/yordano/.m2/repository/org/junit/platform/junit-platform-commons/1.3.1/junit-platform-commons-1.3.1.jar:/home/yordano/.m2/repository/org/junit/jupiter/junit-jupiter-params/5.3.1/junit-jupiter-params-5.3.1.jar:/home/yordano/.m2/repository/org/junit/jupiter/junit-jupiter-engine/5.3.1/junit-jupiter-engine-5.3.1.jar:/home/yordano/.m2/repository/org/junit/platform/junit-platform-engine/1.3.1/junit-platform-engine-1.3.1.jar:/home/yordano/.m2/repository/org/seleniumhq/selenium/selenium-java/2.41.0/selenium-java-2.41.0.jar:/home/yordano/.m2/repository/org/seleniumhq/selenium/selenium-chrome-driver/2.41.0/selenium-chrome-driver-2.41.0.jar:/home/yordano/.m2/repository/org/seleniumhq/selenium/selenium-htmlunit-driver/2.41.0/selenium-htmlunit-driver-2.41.0.jar:/home/yordano/.m2/repository/net/sourceforge/htmlunit/htmlunit/2.13/htmlunit-2.13.jar:/home/yordano/.m2/repository/xalan/xalan/2.7.1/xalan-2.7.1.jar:/home/yordano/.m2/repository/xalan/serializer/2.7.1/serializer-2.7.1.jar:/home/yordano/.m2/repository/commons-collections/commons-collections/3.2.1/commons-collections-3.2.1.jar:/home/yordano/.m2/repository/org/apache/commons/commons-lang3/3.1/commons-lang3-3.1.jar:/home/yordano/.m2/repository/org/apache/httpcomponents/httpmime/4.3.1/httpmime-4.3.1.jar:/home/yordano/.m2/repository/net/sourceforge/htmlunit/htmlunit-core-js/2.13/htmlunit-core-js-2.13.jar:/home/yordano/.m2/repository/xerces/xercesImpl/2.11.0/xercesImpl-2.11.0.jar:/home/yordano/.m2/repository/xml-apis/xml-apis/1.4.01/xml-apis-1.4.01.jar:/home/yordano/.m2/repository/net/sourceforge/nekohtml/nekohtml/1.9.19/nekohtml-1.9.19.jar:/home/yordano/.m2/repository/net/sourceforge/cssparser/cssparser/0.9.11/cssparser-0.9.11.jar:/home/yordano/.m2/repository/org/w3c/css/sac/1.3/sac-1.3.jar:/home/yordano/.m2/repository/commons-logging/commons-logging/1.1.3/commons-logging-1.1.3.jar:/home/yordano/.m2/repository/org/eclipse/jetty/jetty-websocket/8.1.12.v20130726/jetty-websocket-8.1.12.v20130726.jar:/home/yordano/.m2/repository/org/eclipse/jetty/jetty-util/8.1.12.v20130726/jetty-util-8.1.12.v20130726.jar:/home/yordano/.m2/repository/org/eclipse/jetty/jetty-io/8.1.12.v20130726/jetty-io-8.1.12.v20130726.jar:/home/yordano/.m2/repository/org/eclipse/jetty/jetty-http/8.1.12.v20130726/jetty-http-8.1.12.v20130726.jar:/home/yordano/.m2/repository/org/apache/httpcomponents/httpclient/4.3.1/httpclient-4.3.1.jar:/home/yordano/.m2/repository/org/apache/httpcomponents/httpcore/4.3/httpcore-4.3.jar:/home/yordano/.m2/repository/org/seleniumhq/selenium/selenium-firefox-driver/2.41.0/selenium-firefox-driver-2.41.0.jar:/home/yordano/.m2/repository/commons-io/commons-io/2.2/commons-io-2.2.jar:/home/yordano/.m2/repository/org/apache/commons/commons-exec/1.1/commons-exec-1.1.jar:/home/yordano/.m2/repository/org/seleniumhq/selenium/selenium-ie-driver/2.41.0/selenium-ie-driver-2.41.0.jar:/home/yordano/.m2/repository/net/java/dev/jna/jna/3.4.0/jna-3.4.0.jar:/home/yordano/.m2/repository/net/java/dev/jna/platform/3.4.0/platform-3.4.0.jar:/home/yordano/.m2/repository/org/seleniumhq/selenium/selenium-safari-driver/2.41.0/selenium-safari-driver-2.41.0.jar:/home/yordano/.m2/repository/org/seleniumhq/selenium/selenium-support/2.41.0/selenium-support-2.41.0.jar:/home/yordano/.m2/repository/org/seleniumhq/selenium/selenium-api/2.41.0/selenium-api-2.41.0.jar:/home/yordano/.m2/repository/org/webbitserver/webbit/0.4.14/webbit-0.4.14.jar:/home/yordano/.m2/repository/io/netty/netty/3.5.2.Final/netty-3.5.2.Final.jar:/home/yordano/.m2/repository/com/github/detro/ghostdriver/phantomjsdriver/1.1.0/phantomjsdriver-1.1.0.jar:/home/yordano/.m2/repository/org/seleniumhq/selenium/selenium-remote-driver/2.39.0/selenium-remote-driver-2.39.0.jar:/home/yordano/.m2/repository/cglib/cglib-nodep/2.1_3/cglib-nodep-2.1_3.jar:/home/yordano/.m2/repository/org/json/json/20080701/json-20080701.jar:/home/yordano/.m2/repository/com/google/guava/guava/15.0/guava-15.0.jar:/home/yordano/.m2/repository/org/seleniumhq/selenium/selenium-server/2.39.0/selenium-server-2.39.0.jar:/home/yordano/.m2/repository/org/bouncycastle/bcprov-jdk15on/1.48/bcprov-jdk15on-1.48.jar:/home/yordano/.m2/repository/org/bouncycastle/bcpkix-jdk15on/1.48/bcpkix-jdk15on-1.48.jar:/home/yordano/.m2/repository/mx4j/mx4j-tools/3.0.1/mx4j-tools-3.0.1.jar:/home/yordano/.m2/repository/org/mortbay/jetty/servlet-api-2.5/6.1.9/servlet-api-2.5-6.1.9.jar:/home/yordano/.m2/repository/org/seleniumhq/selenium/jetty-repacked/7.6.1/jetty-repacked-7.6.1.jar:/home/yordano/.m2/repository/net/jcip/jcip-annotations/1.0/jcip-annotations-1.0.jar:/home/yordano/.m2/repository/org/yaml/snakeyaml/1.8/snakeyaml-1.8.jar:/home/yordano/.m2/repository/commons-codec/commons-codec/1.8/commons-codec-1.8.jar:/home/yordano/.m2/repository/javax/servlet/jstl/1.2/jstl-1.2.jar:"/>
    <property name="sun.cpu.endian" value="little"/>
    <property name="user.home" value="/home/yordano"/>
    <property name="user.language" value="en"/>
    <property name="java.specification.vendor" value="Oracle Corporation"/>
    <property name="java.version.date" value="2023-10-17"/>
    <property name="java.home" value="/home/yordano/.jdks/openjdk-21.0.1"/>
    <property name="file.separator" value="/"/>
    <property name="basedir" value="/home/yordano/Proyectos/UAH/Integracion continua/TrabajoFInal/TrabajoFInal/BaloncestoFinal"/>
    <property name="java.vm.compressedOopsMode" value="Zero based"/>
    <property name="line.separator" value="&#10;"/>
    <property name="java.specification.name" value="Java Platform API Specification"/>
    <property name="java.vm.specification.vendor" value="Oracle Corporation"/>
    <property name="surefire.real.class.path" value="/home/yordano/Proyectos/UAH/Integracion continua/TrabajoFInal/TrabajoFInal/BaloncestoFinal/target/surefire/surefirebooter-20240706232206144_3.jar"/>
    <property name="sun.management.compiler" value="HotSpot 64-Bit Tiered Compilers"/>
    <property name="java.runtime.version" value="21.0.1+12-29"/>
    <property name="user.name" value="yordano"/>
    <property name="stdout.encoding" value="UTF-8"/>
    <property name="path.separator" value=":"/>
    <property name="os.version" value="5.4.0-155-generic"/>
    <property name="java.runtime.name" value="OpenJDK Runtime Environment"/>
    <property name="file.encoding" value="UTF-8"/>
    <property name="java.vm.name" value="OpenJDK 64-Bit Server VM"/>
    <property name="localRepository" value="/home/yordano/.m2/repository"/>
    <property name="java.vendor.url.bug" value="https://bugreport.java.com/bugreport/"/>
    <property name="java.io.tmpdir" value="/tmp"/>
    <property name="idea.version" value="2023.2.4"/>
    <property name="java.version" value="21.0.1"/>
    <property name="user.dir" value="/home/yordano/Proyectos/UAH/Integracion continua/TrabajoFInal/TrabajoFInal/BaloncestoFinal"/>
    <property name="os.arch" value="amd64"/>
    <property name="java.vm.specification.name" value="Java Virtual Machine Specification"/>
    <property name="native.encoding" value="UTF-8"/>
    <property name="java.library.path" value="/usr/java/packages/lib:/usr/lib64:/lib64:/lib:/usr/lib"/>
    <property name="java.vm.info" value="mixed mode, sharing"/>
    <property name="stderr.encoding" value="UTF-8"/>
    <property name="java.vendor" value="Oracle Corporation"/>
    <property name="java.vm.version" value="21.0.1+12-29"/>
    <property name="sun.io.unicode.encoding" value="UnicodeLittle"/>
    <property name="java.class.version" value="65.0"/>
  </properties>
  <testcase name="testActualizarJugador" classname="ModeloDatosTest" time="0.069">
    <failure message="expected: &lt;1&gt; but was: &lt;0&gt;" type="org.opentest4j.AssertionFailedError"><![CDATA[org.opentest4j.AssertionFailedError: expected: <1> but was: <0>
	at org.junit.jupiter.api.AssertionUtils.fail(AssertionUtils.java:54)
	at org.junit.jupiter.api.AssertEquals.failNotEqual(AssertEquals.java:195)
	at org.junit.jupiter.api.AssertEquals.assertEquals(AssertEquals.java:152)
	at org.junit.jupiter.api.AssertEquals.assertEquals(AssertEquals.java:147)
	at org.junit.jupiter.api.Assertions.assertEquals(Assertions.java:327)
	at ModeloDatosTest.testActualizarJugador(ModeloDatosTest.java:30)
	at java.base/jdk.internal.reflect.DirectMethodHandleAccessor.invoke(DirectMethodHandleAccessor.java:103)
	at java.base/java.lang.reflect.Method.invoke(Method.java:580)
	at org.junit.platform.commons.util.ReflectionUtils.invokeMethod(ReflectionUtils.java:515)
	at org.junit.jupiter.engine.execution.ExecutableInvoker.invoke(ExecutableInvoker.java:115)
	at org.junit.jupiter.engine.descriptor.TestMethodTestDescriptor.lambda$invokeTestMethod$6(TestMethodTestDescriptor.java:171)
	at org.junit.platform.engine.support.hierarchical.ThrowableCollector.execute(ThrowableCollector.java:72)
	at org.junit.jupiter.engine.descriptor.TestMethodTestDescriptor.invokeTestMethod(TestMethodTestDescriptor.java:167)
	at org.junit.jupiter.engine.descriptor.TestMethodTestDescriptor.execute(TestMethodTestDescriptor.java:114)
	at org.junit.jupiter.engine.descriptor.TestMethodTestDescriptor.execute(TestMethodTestDescriptor.java:59)
	at org.junit.platform.engine.support.hierarchical.NodeTestTask.lambda$executeRecursively$5(NodeTestTask.java:105)
	at org.junit.platform.engine.support.hierarchical.ThrowableCollector.execute(ThrowableCollector.java:72)
	at org.junit.platform.engine.support.hierarchical.NodeTestTask.executeRecursively(NodeTestTask.java:95)
	at org.junit.platform.engine.support.hierarchical.NodeTestTask.execute(NodeTestTask.java:71)
	at java.base/java.util.ArrayList.forEach(ArrayList.java:1596)
	at org.junit.platform.engine.support.hierarchical.SameThreadHierarchicalTestExecutorService.invokeAll(SameThreadHierarchicalTestExecutorService.java:38)
	at org.junit.platform.engine.support.hierarchical.NodeTestTask.lambda$executeRecursively$5(NodeTestTask.java:110)
	at org.junit.platform.engine.support.hierarchical.ThrowableCollector.execute(ThrowableCollector.java:72)
	at org.junit.platform.engine.support.hierarchical.NodeTestTask.executeRecursively(NodeTestTask.java:95)
	at org.junit.platform.engine.support.hierarchical.NodeTestTask.execute(NodeTestTask.java:71)
	at java.base/java.util.ArrayList.forEach(ArrayList.java:1596)
	at org.junit.platform.engine.support.hierarchical.SameThreadHierarchicalTestExecutorService.invokeAll(SameThreadHierarchicalTestExecutorService.java:38)
	at org.junit.platform.engine.support.hierarchical.NodeTestTask.lambda$executeRecursively$5(NodeTestTask.java:110)
	at org.junit.platform.engine.support.hierarchical.ThrowableCollector.execute(ThrowableCollector.java:72)
	at org.junit.platform.engine.support.hierarchical.NodeTestTask.executeRecursively(NodeTestTask.java:95)
	at org.junit.platform.engine.support.hierarchical.NodeTestTask.execute(NodeTestTask.java:71)
	at org.junit.platform.engine.support.hierarchical.SameThreadHierarchicalTestExecutorService.submit(SameThreadHierarchicalTestExecutorService.java:32)
	at org.junit.platform.engine.support.hierarchical.HierarchicalTestExecutor.execute(HierarchicalTestExecutor.java:57)
	at org.junit.platform.engine.support.hierarchical.HierarchicalTestEngine.execute(HierarchicalTestEngine.java:51)
	at org.junit.platform.launcher.core.DefaultLauncher.execute(DefaultLauncher.java:220)
	at org.junit.platform.launcher.core.DefaultLauncher.lambda$execute$6(DefaultLauncher.java:188)
	at org.junit.platform.launcher.core.DefaultLauncher.withInterceptedStreams(DefaultLauncher.java:202)
	at org.junit.platform.launcher.core.DefaultLauncher.execute(DefaultLauncher.java:181)
	at org.junit.platform.launcher.core.DefaultLauncher.execute(DefaultLauncher.java:128)
	at org.apache.maven.surefire.junitplatform.LazyLauncher.execute(LazyLauncher.java:50)
	at org.apache.maven.surefire.junitplatform.JUnitPlatformProvider.execute(JUnitPlatformProvider.java:184)
	at org.apache.maven.surefire.junitplatform.JUnitPlatformProvider.invokeAllTests(JUnitPlatformProvider.java:148)
	at org.apache.maven.surefire.junitplatform.JUnitPlatformProvider.invoke(JUnitPlatformProvider.java:122)
	at org.apache.maven.surefire.booter.ForkedBooter.runSuitesInProcess(ForkedBooter.java:385)
	at org.apache.maven.surefire.booter.ForkedBooter.execute(ForkedBooter.java:162)
	at org.apache.maven.surefire.booter.ForkedBooter.run(ForkedBooter.java:507)
	at org.apache.maven.surefire.booter.ForkedBooter.main(ForkedBooter.java:495)
]]></failure>
    <system-out><![CDATA[Prueba de actualizarJugador
votos: 0
]]></system-out>
    <system-err><![CDATA[Jul 06, 2024 11:22:06 PM uah.src.ModeloDatos abrirConexion
INFO: abrir conexion
Jul 06, 2024 11:22:06 PM uah.src.ModeloDatos abrirConexion
INFO: No se ha podido conectar
Jul 06, 2024 11:22:06 PM uah.src.ModeloDatos abrirConexion
INFO: El error es: {}
Jul 06, 2024 11:22:06 PM uah.src.ModeloDatos actualizarVotosCero
INFO: No modifica la tabla
Jul 06, 2024 11:22:06 PM uah.src.ModeloDatos actualizarVotosCero
INFO: El error es: {}
Jul 06, 2024 11:22:06 PM uah.src.ModeloDatos actualizarJugador
INFO: No modifica la tabla
Jul 06, 2024 11:22:06 PM uah.src.ModeloDatos actualizarJugador
INFO: El error es: {}
Jul 06, 2024 11:22:06 PM uah.src.ModeloDatos getVotosJugador
INFO: No lee de la tabla
Jul 06, 2024 11:22:06 PM uah.src.ModeloDatos getVotosJugador
INFO: El error es: {}
Jul 06, 2024 11:22:06 PM uah.src.ModeloDatos cerrarConexion
INFO: Cannot invoke "java.sql.Connection.close()" because "this.con" is null
]]></system-err>
  </testcase>
  <testcase name="testExisteJugador" classname="ModeloDatosTest" time="0.003">
    <system-out><![CDATA[Prueba de existeJugador
]]></system-out>
    <system-err><![CDATA[Jul 06, 2024 11:22:06 PM uah.src.ModeloDatos abrirConexion
INFO: abrir conexion
Jul 06, 2024 11:22:06 PM uah.src.ModeloDatos abrirConexion
INFO: No se ha podido conectar
Jul 06, 2024 11:22:06 PM uah.src.ModeloDatos abrirConexion
INFO: El error es: {}
Jul 06, 2024 11:22:06 PM uah.src.ModeloDatos existeJugador
INFO: No lee de la tabla
Jul 06, 2024 11:22:06 PM uah.src.ModeloDatos existeJugador
INFO: El error es: {}
Jul 06, 2024 11:22:06 PM uah.src.ModeloDatos cerrarConexion
INFO: Cannot invoke "java.sql.Connection.close()" because "this.con" is null
]]></system-err>
  </testcase>
</testsuite>